FILE [INFO ] 2022-02-02 16:12:27,067 main Viewer Logger - Desired sorted method input call
FILE [INFO ] 2022-02-02 16:12:31,952 main Controller Logger - Desired sorted method input call
FILE [INFO ] 2022-02-02 16:12:31,952 main Controller Logger - Call getSort Reference
FILE [INFO ] 2022-02-02 16:12:31,953 main Viewer Logger - Display Results
FILE [INFO ] 2022-02-02 16:17:08,648 main Viewer Logger - Desired sorted method input call
FILE [INFO ] 2022-02-02 18:52:10,104 main Viewer Logger - Desired sorted method input call
FILE [INFO ] 2022-02-02 18:52:17,482 main Controller Logger - Desired sorted method input call
FILE [INFO ] 2022-02-02 18:52:17,490 main Controller Logger - Call getSort Reference
FILE [INFO ] 2022-02-02 18:52:17,490 main Merge Factory - Merge Sort - getInstance
FILE [INFO ] 2022-02-02 18:52:17,490 main Viewer Logger - Display Results
FILE [INFO ] 2022-02-02 18:52:53,248 main Viewer Logger - Desired sorted method input call
FILE [INFO ] 2022-02-02 18:52:57,533 main Controller Logger - Desired sorted method input call
FILE [INFO ] 2022-02-02 18:52:57,533 main Controller Logger - Call getSort Reference
FILE [INFO ] 2022-02-02 18:57:37,496 main Viewer Logger - Desired sorted method input call
FILE [INFO ] 2022-02-02 18:58:49,536 main Viewer Logger - Desired sorted method input call
FILE [INFO ] 2022-02-02 18:58:52,387 main Controller Logger - Desired sorted method input call
FILE [INFO ] 2022-02-02 18:58:52,387 main Controller Logger - Call getSort Reference
FILE [INFO ] 2022-02-02 18:58:52,387 main Merge Factory - Merge Sort - getInstance
FILE [INFO ] 2022-02-02 18:58:52,387 main Viewer Logger - Display Results
FILE [INFO ] 2022-02-02 19:11:23,438 main Viewer Logger - Desired sorted method input call
FILE [INFO ] 2022-02-02 19:11:23,458 main Controller Logger - Desired sorted method input call
FILE [INFO ] 2022-02-02 19:11:23,458 main Controller Logger - Call getSort Reference
FILE [INFO ] 2022-02-02 19:11:54,680 main Viewer Logger - Desired sorted method input call
FILE [INFO ] 2022-02-02 19:11:57,625 main Controller Logger - Desired sorted method input call
FILE [INFO ] 2022-02-02 19:11:57,625 main Controller Logger - Call getSort Reference
FILE [INFO ] 2022-02-02 19:11:57,625 main Merge Factory - Merge Sort - getInstance
FILE [INFO ] 2022-02-02 19:11:57,625 main Viewer Logger - Display Results
FILE [INFO ] 2022-02-02 19:12:02,477 main Viewer Logger - Desired sorted method input call
FILE [INFO ] 2022-02-02 19:12:06,206 main Controller Logger - Desired sorted method input call
FILE [INFO ] 2022-02-02 19:12:06,206 main Controller Logger - Call getSort Reference
FILE [INFO ] 2022-02-02 19:12:06,206 main Bubble Factory - Bubble Sort - getInstance
FILE [INFO ] 2022-02-02 19:12:06,206 main Viewer Logger - Display Results
FILE [INFO ] 2022-02-02 19:16:07,411 main Viewer Logger - Desired sorted method input call
FILE [INFO ] 2022-02-02 19:16:19,950 main Controller Logger - Desired sorted method input call
FILE [INFO ] 2022-02-02 19:16:19,950 main Controller Logger - Call getSort Reference
FILE [INFO ] 2022-02-02 19:16:19,950 main Bubble Factory - Bubble Sort - getInstance
FILE [INFO ] 2022-02-02 19:16:19,954 main Controller Logger - Random integers' array created successfully
FILE [INFO ] 2022-02-02 19:16:19,954 main Viewer Logger - Display Results
FILE [INFO ] 2022-02-02 19:19:36,367 main Viewer Logger - Desired sorted method input call
FILE [INFO ] 2022-02-02 19:19:38,822 main Controller Logger - Desired sorted method input call
FILE [INFO ] 2022-02-02 19:19:38,822 main Controller Logger - Call getSort Reference
FILE [INFO ] 2022-02-02 19:19:38,822 main Bubble Factory - Bubble Sort - getInstance
FILE [INFO ] 2022-02-02 19:19:38,822 main Controller Logger - Random integers' array created successfully
FILE [INFO ] 2022-02-02 19:19:38,822 main Viewer Logger - Display Results
FILE [INFO ] 2022-02-02 19:19:56,421 main Viewer Logger - Desired sorted method input call
FILE [INFO ] 2022-02-02 19:19:59,005 main Controller Logger - Desired sorted method input call
FILE [INFO ] 2022-02-02 19:19:59,005 main Controller Logger - Call getSort Reference
FILE [INFO ] 2022-02-02 19:19:59,005 main Bubble Factory - Bubble Sort - getInstance
FILE [INFO ] 2022-02-02 19:19:59,009 main Controller Logger - Random integers' array created successfully
FILE [INFO ] 2022-02-02 19:19:59,009 main Viewer Logger - Display Results
FILE [INFO ] 2022-02-02 19:52:51,474 main Viewer Logger - Desired sorted method input call
FILE [INFO ] 2022-02-02 19:53:14,008 main Viewer Logger - Desired sorted method input call
FILE [INFO ] 2022-02-02 19:53:29,528 main Viewer Logger - Desired sorted method input call
FILE [INFO ] 2022-02-02 19:54:33,846 main Viewer Logger - Desired sorted method input call
FILE [INFO ] 2022-02-02 19:54:36,397 main Controller Logger - Desired sorted method input call
FILE [INFO ] 2022-02-02 19:54:36,397 main Controller Logger - Call getSort Reference
FILE [INFO ] 2022-02-02 19:54:36,401 main Merge Factory - Merge Sort - getInstance
FILE [INFO ] 2022-02-02 19:54:36,401 main Controller Logger - Random integers' array created successfully
FILE [INFO ] 2022-02-02 19:54:36,405 main Viewer Logger - Display Results
FILE [INFO ] 2022-02-02 19:56:30,742 main Viewer Logger - Desired sorted method input call
FILE [INFO ] 2022-02-02 19:56:33,704 main Controller Logger - Desired sorted method input call
FILE [INFO ] 2022-02-02 19:56:33,704 main Controller Logger - Call getSort Reference
FILE [INFO ] 2022-02-02 19:56:33,708 main Merge Factory - Merge Sort - getInstance
FILE [INFO ] 2022-02-02 19:56:33,712 main Controller Logger - Random integers' array created successfully
FILE [INFO ] 2022-02-02 19:56:33,712 main Viewer Logger - Display Results
FILE [INFO ] 2022-02-02 19:56:33,712 main Viewer Logger - Desired sorted method input call
FILE [INFO ] 2022-02-02 19:56:35,936 main Controller Logger - Desired sorted method input call
FILE [INFO ] 2022-02-02 19:56:35,936 main Controller Logger - Call getSort Reference
FILE [INFO ] 2022-02-02 19:56:35,936 main Bubble Factory - Bubble Sort - getInstance
FILE [INFO ] 2022-02-02 19:56:35,936 main Controller Logger - Random integers' array created successfully
FILE [INFO ] 2022-02-02 19:56:35,936 main Viewer Logger - Display Results
FILE [INFO ] 2022-02-02 19:58:11,094 main Viewer Logger - Desired sorted method input call
FILE [INFO ] 2022-02-02 19:58:13,892 main Controller Logger - Desired sorted method input call
FILE [INFO ] 2022-02-02 19:58:13,892 main Controller Logger - Call getSort Reference
FILE [INFO ] 2022-02-02 19:58:13,893 main Bubble Factory - Bubble Sort - getInstance
FILE [INFO ] 2022-02-02 19:58:13,894 main Controller Logger - Random integers' array created successfully
FILE [INFO ] 2022-02-02 19:58:13,894 main Viewer Logger - Display Results
FILE [INFO ] 2022-02-02 19:58:13,895 main Viewer Logger - Desired sorted method input call
FILE [INFO ] 2022-02-02 19:58:14,984 main Controller Logger - Desired sorted method input call
FILE [INFO ] 2022-02-02 19:58:14,984 main Controller Logger - Call getSort Reference
FILE [INFO ] 2022-02-02 19:58:14,985 main Merge Factory - Merge Sort - getInstance
FILE [INFO ] 2022-02-02 19:58:14,986 main Controller Logger - Random integers' array created successfully
FILE [INFO ] 2022-02-02 19:58:14,986 main Viewer Logger - Display Results
FILE [INFO ] 2022-02-02 19:59:03,164 main Viewer Logger - Desired sorted method input call
FILE [INFO ] 2022-02-02 19:59:05,898 main Controller Logger - Desired sorted method input call
FILE [INFO ] 2022-02-02 19:59:05,898 main Controller Logger - Call getSort Reference
FILE [INFO ] 2022-02-02 19:59:05,899 main Bubble Factory - Bubble Sort - getInstance
FILE [INFO ] 2022-02-02 19:59:05,901 main Controller Logger - Random integers' array created successfully
FILE [INFO ] 2022-02-02 19:59:05,901 main Viewer Logger - Display Results
FILE [INFO ] 2022-02-02 19:59:05,901 main Viewer Logger - Desired sorted method input call
FILE [INFO ] 2022-02-02 19:59:06,431 main Controller Logger - Desired sorted method input call
FILE [INFO ] 2022-02-02 19:59:06,431 main Controller Logger - Call getSort Reference
FILE [INFO ] 2022-02-02 19:59:06,432 main Merge Factory - Merge Sort - getInstance
FILE [INFO ] 2022-02-02 19:59:06,435 main Controller Logger - Random integers' array created successfully
FILE [INFO ] 2022-02-02 19:59:06,435 main Viewer Logger - Display Results
FILE [INFO ] 2022-02-03 10:00:13,844 main Viewer Logger - Desired sorted method input call
FILE [INFO ] 2022-02-03 10:00:18,625 main Controller Logger - Desired sorted method input call
FILE [INFO ] 2022-02-03 10:00:18,625 main Controller Logger - Call getSort Reference
FILE [INFO ] 2022-02-03 10:00:18,629 main Merge Factory - Merge Sort - getInstance
FILE [INFO ] 2022-02-03 10:00:18,642 main Controller Logger - Random integers' array created successfully
FILE [INFO ] 2022-02-03 10:00:18,642 main Viewer Logger - Display Results
FILE [INFO ] 2022-02-03 10:00:18,643 main Viewer Logger - Desired sorted method input call
FILE [INFO ] 2022-02-03 10:01:47,610 main Viewer Logger - Desired sorted method input call
FILE [INFO ] 2022-02-03 10:01:50,713 main Controller Logger - Desired sorted method input call
FILE [INFO ] 2022-02-03 10:01:50,714 main Controller Logger - Call getSort Reference
FILE [INFO ] 2022-02-03 10:01:50,715 main Merge Factory - Merge Sort - getInstance
FILE [INFO ] 2022-02-03 10:01:50,718 main Controller Logger - Random integers' array created successfully
FILE [INFO ] 2022-02-03 10:01:50,718 main Viewer Logger - Display Results
FILE [INFO ] 2022-02-03 10:01:50,719 main Viewer Logger - Desired sorted method input call
FILE [INFO ] 2022-02-03 10:01:52,786 main Controller Logger - Desired sorted method input call
FILE [INFO ] 2022-02-03 10:01:52,787 main Controller Logger - Call getSort Reference
FILE [INFO ] 2022-02-03 10:01:52,787 main Bubble Factory - Bubble Sort - getInstance
FILE [INFO ] 2022-02-03 10:01:52,795 main Controller Logger - Random integers' array created successfully
FILE [INFO ] 2022-02-03 10:01:52,795 main Viewer Logger - Display Results
FILE [INFO ] 2022-02-03 10:02:32,423 main Viewer Logger - Desired sorted method input call
FILE [INFO ] 2022-02-03 10:02:39,765 main Controller Logger - Desired sorted method input call
FILE [INFO ] 2022-02-03 10:02:39,765 main Controller Logger - Call getSort Reference
FILE [INFO ] 2022-02-03 10:02:39,766 main Merge Factory - Merge Sort - getInstance
FILE [INFO ] 2022-02-03 10:02:39,767 main Controller Logger - Random integers' array created successfully
FILE [INFO ] 2022-02-03 10:02:39,767 main Viewer Logger - Display Results
FILE [INFO ] 2022-02-03 10:02:39,768 main Viewer Logger - Desired sorted method input call
FILE [INFO ] 2022-02-03 10:02:40,799 main Controller Logger - Desired sorted method input call
FILE [INFO ] 2022-02-03 10:02:40,799 main Controller Logger - Call getSort Reference
FILE [INFO ] 2022-02-03 10:02:40,800 main Bubble Factory - Bubble Sort - getInstance
FILE [INFO ] 2022-02-03 10:02:40,801 main Controller Logger - Random integers' array created successfully
FILE [INFO ] 2022-02-03 10:02:40,801 main Viewer Logger - Display Results
FILE [INFO ] 2022-02-03 10:03:43,068 main Viewer Logger - Desired sorted method input call
FILE [INFO ] 2022-02-03 10:03:44,855 main Controller Logger - Desired sorted method input call
FILE [INFO ] 2022-02-03 10:03:44,856 main Controller Logger - Call getSort Reference
FILE [INFO ] 2022-02-03 10:03:44,857 main Merge Factory - Merge Sort - getInstance
FILE [INFO ] 2022-02-03 10:03:44,859 main Controller Logger - Random integers' array created successfully
FILE [INFO ] 2022-02-03 10:03:44,860 main Viewer Logger - Display Results
FILE [INFO ] 2022-02-03 10:03:44,860 main Viewer Logger - Desired sorted method input call
FILE [INFO ] 2022-02-03 10:03:45,764 main Controller Logger - Desired sorted method input call
FILE [INFO ] 2022-02-03 10:03:45,765 main Controller Logger - Call getSort Reference
FILE [INFO ] 2022-02-03 10:03:45,765 main Bubble Factory - Bubble Sort - getInstance
FILE [INFO ] 2022-02-03 10:03:45,767 main Controller Logger - Random integers' array created successfully
FILE [INFO ] 2022-02-03 10:03:45,767 main Viewer Logger - Display Results
FILE [INFO ] 2022-02-03 10:04:08,161 main Viewer Logger - Desired sorted method input call
FILE [INFO ] 2022-02-03 10:04:13,026 main Controller Logger - Desired sorted method input call
FILE [INFO ] 2022-02-03 10:04:13,026 main Controller Logger - Call getSort Reference
FILE [INFO ] 2022-02-03 10:04:13,029 main Merge Factory - Merge Sort - getInstance
FILE [INFO ] 2022-02-03 10:04:13,031 main Controller Logger - Random integers' array created successfully
FILE [INFO ] 2022-02-03 10:04:13,031 main Viewer Logger - Display Results
FILE [INFO ] 2022-02-03 10:04:13,032 main Viewer Logger - Desired sorted method input call
FILE [INFO ] 2022-02-03 10:04:14,757 main Controller Logger - Desired sorted method input call
FILE [INFO ] 2022-02-03 10:04:14,758 main Controller Logger - Call getSort Reference
FILE [INFO ] 2022-02-03 10:04:14,758 main Bubble Factory - Bubble Sort - getInstance
FILE [INFO ] 2022-02-03 10:04:14,759 main Controller Logger - Random integers' array created successfully
FILE [INFO ] 2022-02-03 10:04:14,759 main Viewer Logger - Display Results
FILE [INFO ] 2022-02-03 10:04:29,348 main Viewer Logger - Desired sorted method input call
FILE [INFO ] 2022-02-03 10:04:31,039 main Controller Logger - Desired sorted method input call
FILE [INFO ] 2022-02-03 10:04:31,040 main Controller Logger - Call getSort Reference
FILE [INFO ] 2022-02-03 10:04:31,041 main Bubble Factory - Bubble Sort - getInstance
FILE [INFO ] 2022-02-03 10:04:31,043 main Controller Logger - Random integers' array created successfully
FILE [INFO ] 2022-02-03 10:04:31,043 main Viewer Logger - Display Results
FILE [INFO ] 2022-02-03 10:04:31,043 main Viewer Logger - Desired sorted method input call
FILE [INFO ] 2022-02-03 10:04:31,740 main Controller Logger - Desired sorted method input call
FILE [INFO ] 2022-02-03 10:04:31,741 main Controller Logger - Call getSort Reference
FILE [INFO ] 2022-02-03 10:04:31,741 main Merge Factory - Merge Sort - getInstance
FILE [INFO ] 2022-02-03 10:04:31,742 main Controller Logger - Random integers' array created successfully
FILE [INFO ] 2022-02-03 10:04:31,742 main Viewer Logger - Display Results
FILE [INFO ] 2022-02-03 10:05:11,986 main Viewer Logger - Desired sorted method input call
FILE [INFO ] 2022-02-03 10:05:14,156 main Controller Logger - Desired sorted method input call
FILE [INFO ] 2022-02-03 10:05:14,156 main Controller Logger - Call getSort Reference
FILE [INFO ] 2022-02-03 10:05:14,157 main Merge Factory - Merge Sort - getInstance
FILE [INFO ] 2022-02-03 10:05:14,158 main Controller Logger - Random integers' array created successfully
FILE [INFO ] 2022-02-03 10:05:14,159 main Viewer Logger - Display Results
FILE [INFO ] 2022-02-03 10:05:14,159 main Viewer Logger - Desired sorted method input call
FILE [INFO ] 2022-02-03 10:05:15,007 main Controller Logger - Desired sorted method input call
FILE [INFO ] 2022-02-03 10:05:15,007 main Controller Logger - Call getSort Reference
FILE [INFO ] 2022-02-03 10:05:15,007 main Bubble Factory - Bubble Sort - getInstance
FILE [INFO ] 2022-02-03 10:05:15,008 main Controller Logger - Random integers' array created successfully
FILE [INFO ] 2022-02-03 10:05:15,009 main Viewer Logger - Display Results
FILE [INFO ] 2022-02-03 10:07:11,891 main Viewer Logger - Desired sorted method input call
FILE [INFO ] 2022-02-03 10:07:13,063 main Controller Logger - Desired sorted method input call
FILE [INFO ] 2022-02-03 10:07:13,064 main Controller Logger - Call getSort Reference
FILE [INFO ] 2022-02-03 10:07:13,065 main Bubble Factory - Bubble Sort - getInstance
FILE [INFO ] 2022-02-03 10:07:13,066 main Controller Logger - Random integers' array created successfully
FILE [INFO ] 2022-02-03 10:07:13,066 main Viewer Logger - Display Results
FILE [INFO ] 2022-02-03 10:07:13,066 main Viewer Logger - Desired sorted method input call
FILE [INFO ] 2022-02-03 10:07:13,797 main Controller Logger - Desired sorted method input call
FILE [INFO ] 2022-02-03 10:07:13,797 main Controller Logger - Call getSort Reference
FILE [INFO ] 2022-02-03 10:07:13,798 main Merge Factory - Merge Sort - getInstance
FILE [INFO ] 2022-02-03 10:07:13,799 main Controller Logger - Random integers' array created successfully
FILE [INFO ] 2022-02-03 10:07:13,800 main Viewer Logger - Display Results
FILE [INFO ] 2022-02-03 10:30:18,213 main Viewer Logger - Desired sorted method input call
FILE [INFO ] 2022-02-03 10:30:28,557 main Controller Logger - Desired sorted method input call
FILE [INFO ] 2022-02-03 10:30:28,557 main Controller Logger - Call getSort Reference
FILE [INFO ] 2022-02-03 10:30:28,559 main Merge Factory - Merge Sort - getInstance
FILE [INFO ] 2022-02-03 10:30:28,566 main Controller Logger - Random integers' array created successfully
FILE [INFO ] 2022-02-03 10:30:28,567 main Viewer Logger - Display Results
FILE [INFO ] 2022-02-03 10:30:28,568 main Viewer Logger - Desired sorted method input call
FILE [INFO ] 2022-02-03 10:30:32,142 main Controller Logger - Desired sorted method input call
FILE [INFO ] 2022-02-03 10:30:32,142 main Controller Logger - Call getSort Reference
FILE [INFO ] 2022-02-03 10:30:32,142 main Bubble Factory - Bubble Sort - getInstance
FILE [INFO ] 2022-02-03 10:30:32,145 main Controller Logger - Random integers' array created successfully
FILE [INFO ] 2022-02-03 10:30:32,146 main Viewer Logger - Display Results
FILE [INFO ] 2022-02-03 10:33:19,942 main Viewer Logger - Desired sorted method input call
FILE [INFO ] 2022-02-03 10:33:23,488 main Controller Logger - Desired sorted method input call
FILE [INFO ] 2022-02-03 10:33:23,489 main Controller Logger - Call getSort Reference
FILE [INFO ] 2022-02-03 10:33:23,492 main Merge Factory - Merge Sort - getInstance
FILE [INFO ] 2022-02-03 10:33:23,494 main Controller Logger - Random integers' array created successfully
FILE [INFO ] 2022-02-03 10:33:23,495 main Viewer Logger - Display Results
FILE [INFO ] 2022-02-03 10:33:23,495 main Viewer Logger - Desired sorted method input call
FILE [INFO ] 2022-02-03 10:33:24,261 main Controller Logger - Desired sorted method input call
FILE [INFO ] 2022-02-03 10:33:24,262 main Controller Logger - Call getSort Reference
FILE [INFO ] 2022-02-03 10:33:24,262 main Bubble Factory - Bubble Sort - getInstance
FILE [INFO ] 2022-02-03 10:33:24,263 main Controller Logger - Random integers' array created successfully
FILE [INFO ] 2022-02-03 10:33:24,264 main Viewer Logger - Display Results
FILE [INFO ] 2022-02-03 10:45:05,974 main Viewer Logger - Desired sorted method input call
FILE [INFO ] 2022-02-03 10:46:10,787 main Viewer Logger - Desired sorted method input call
FILE [INFO ] 2022-02-03 10:46:12,699 main Controller Logger - Desired sorted method input call
FILE [INFO ] 2022-02-03 10:46:12,700 main Controller Logger - Call getSort Reference
FILE [INFO ] 2022-02-03 10:46:12,700 main Merge Factory - Merge Sort - getInstance
FILE [INFO ] 2022-02-03 10:46:12,715 main Controller Logger - Random integers' array created successfully
FILE [INFO ] 2022-02-03 10:46:12,806 main Merge Sort Method - It took a total of 86421900to run the merge sort method
FILE [INFO ] 2022-02-03 10:46:12,806 main Viewer Logger - Display Results
FILE [INFO ] 2022-02-03 10:46:12,836 main Viewer Logger - Desired sorted method input call
FILE [INFO ] 2022-02-03 10:46:33,711 main Controller Logger - Desired sorted method input call
FILE [INFO ] 2022-02-03 10:46:33,712 main Controller Logger - Call getSort Reference
FILE [INFO ] 2022-02-03 10:46:33,713 main Bubble Factory - Bubble Sort - getInstance
FILE [INFO ] 2022-02-03 10:46:33,731 main Controller Logger - Random integers' array created successfully
FILE [INFO ] 2022-02-03 10:47:04,206 main Bubble Sort Method - It took a total of 30474325600to run the bubble sort method
FILE [INFO ] 2022-02-03 10:47:04,206 main Viewer Logger - Display Results
FILE [INFO ] 2022-02-03 10:49:38,986 main Viewer Logger - Desired sorted method input call
FILE [INFO ] 2022-02-03 10:49:40,686 main Controller Logger - Desired sorted method input call
FILE [INFO ] 2022-02-03 10:49:40,686 main Controller Logger - Call getSort Reference
FILE [INFO ] 2022-02-03 10:49:40,687 main Merge Factory - Merge Sort - getInstance
FILE [INFO ] 2022-02-03 10:49:40,705 main Controller Logger - Random integers' array created successfully
FILE [INFO ] 2022-02-03 10:49:40,749 main Merge Sort Method - It took a total of 0to run the merge sort method
FILE [INFO ] 2022-02-03 10:49:40,749 main Viewer Logger - Display Results
FILE [INFO ] 2022-02-03 10:49:40,780 main Viewer Logger - Desired sorted method input call
FILE [INFO ] 2022-02-03 10:49:43,958 main Controller Logger - Desired sorted method input call
FILE [INFO ] 2022-02-03 10:49:43,959 main Controller Logger - Call getSort Reference
FILE [INFO ] 2022-02-03 10:49:43,960 main Bubble Factory - Bubble Sort - getInstance
FILE [INFO ] 2022-02-03 10:49:43,974 main Controller Logger - Random integers' array created successfully
FILE [INFO ] 2022-02-03 10:50:16,192 main Bubble Sort Method - It took a total of -32to run the merge sort method
FILE [INFO ] 2022-02-03 10:50:16,193 main Viewer Logger - Display Results
FILE [INFO ] 2022-02-03 10:51:22,230 main Viewer Logger - Desired sorted method input call
FILE [INFO ] 2022-02-03 10:51:26,443 main Controller Logger - Desired sorted method input call
FILE [INFO ] 2022-02-03 10:51:26,443 main Controller Logger - Call getSort Reference
FILE [INFO ] 2022-02-03 10:51:26,444 main Merge Factory - Merge Sort - getInstance
FILE [INFO ] 2022-02-03 10:51:26,465 main Controller Logger - Random integers' array created successfully
FILE [INFO ] 2022-02-03 10:51:26,561 main Merge Sort Method - It took a total of 91436 to run the merge sort method
FILE [INFO ] 2022-02-03 10:51:26,562 main Viewer Logger - Display Results
FILE [INFO ] 2022-02-03 10:51:26,592 main Viewer Logger - Desired sorted method input call
FILE [INFO ] 2022-02-03 10:51:28,341 main Controller Logger - Desired sorted method input call
FILE [INFO ] 2022-02-03 10:51:28,342 main Controller Logger - Call getSort Reference
FILE [INFO ] 2022-02-03 10:51:28,343 main Bubble Factory - Bubble Sort - getInstance
FILE [INFO ] 2022-02-03 10:51:28,356 main Controller Logger - Random integers' array created successfully
FILE [INFO ] 2022-02-03 10:51:58,671 main Bubble Sort Method - It took a total of 30313191 to run the merge sort method
FILE [INFO ] 2022-02-03 10:51:58,671 main Viewer Logger - Display Results
FILE [INFO ] 2022-02-03 11:04:45,663 main Viewer Logger - Desired sorted method input call
FILE [INFO ] 2022-02-03 11:06:06,749 main Viewer Logger - Desired sorted method input call
FILE [INFO ] 2022-02-03 11:06:15,410 main Controller Logger - Desired sorted method input call
FILE [INFO ] 2022-02-03 11:06:15,410 main Controller Logger - Call getSort Reference
FILE [INFO ] 2022-02-03 11:06:15,411 main Merge Factory - Merge Sort - getInstance
FILE [INFO ] 2022-02-03 11:06:15,425 main Controller Logger - Random integers' array created successfully
FILE [INFO ] 2022-02-03 11:06:15,455 main Merge Sort Method - It took a total of 27043 milliseconds to run the merge sort method
FILE [INFO ] 2022-02-03 11:06:15,456 main Viewer Logger - Display Results
FILE [INFO ] 2022-02-03 11:06:15,479 main Viewer Logger - Desired sorted method input call
FILE [INFO ] 2022-02-03 11:06:17,142 main Controller Logger - Desired sorted method input call
FILE [INFO ] 2022-02-03 11:06:17,142 main Controller Logger - Call getSort Reference
FILE [INFO ] 2022-02-03 11:06:17,142 main Bubble Factory - Bubble Sort - getInstance
FILE [INFO ] 2022-02-03 11:06:17,154 main Controller Logger - Random integers' array created successfully
FILE [INFO ] 2022-02-03 11:06:34,741 main Bubble Sort Method - It took a total of 17587428 milliseconds to run the merge sort method
FILE [INFO ] 2022-02-03 11:06:34,741 main Viewer Logger - Display Results
FILE [INFO ] 2022-02-03 11:07:25,810 main Viewer Logger - Desired sorted method input call
FILE [INFO ] 2022-02-03 11:07:30,214 main Controller Logger - Desired sorted method input call
FILE [INFO ] 2022-02-03 11:07:30,215 main Controller Logger - Call getSort Reference
FILE [INFO ] 2022-02-03 11:07:30,215 main Merge Factory - Merge Sort - getInstance
FILE [INFO ] 2022-02-03 11:07:30,226 main Controller Logger - Random integers' array created successfully
FILE [INFO ] 2022-02-03 11:07:30,271 main Merge Sort Method - It took a total of 40742 milliseconds to run the merge sort method
FILE [INFO ] 2022-02-03 11:07:30,271 main Viewer Logger - Display Results
FILE [INFO ] 2022-02-03 11:07:30,295 main Viewer Logger - Desired sorted method input call
FILE [INFO ] 2022-02-03 11:07:33,103 main Controller Logger - Desired sorted method input call
FILE [INFO ] 2022-02-03 11:07:33,103 main Controller Logger - Call getSort Reference
FILE [INFO ] 2022-02-03 11:07:33,104 main Bubble Factory - Bubble Sort - getInstance
FILE [INFO ] 2022-02-03 11:07:33,112 main Controller Logger - Random integers' array created successfully
FILE [INFO ] 2022-02-03 11:07:54,115 main Bubble Sort Method - It took a total of 21002882 milliseconds to run the merge sort method
FILE [INFO ] 2022-02-03 11:07:54,115 main Viewer Logger - Display Results
FILE [INFO ] 2022-02-03 11:08:23,975 main Viewer Logger - Desired sorted method input call
FILE [INFO ] 2022-02-03 11:08:27,697 main Controller Logger - Desired sorted method input call
FILE [INFO ] 2022-02-03 11:08:27,697 main Controller Logger - Call getSort Reference
FILE [INFO ] 2022-02-03 11:08:27,698 main Bubble Factory - Bubble Sort - getInstance
FILE [INFO ] 2022-02-03 11:08:27,710 main Controller Logger - Random integers' array created successfully
FILE [INFO ] 2022-02-03 11:08:50,882 main Bubble Sort Method - It took a total of 23169133 milliseconds to run the merge sort method
FILE [INFO ] 2022-02-03 11:08:50,882 main Viewer Logger - Display Results
FILE [INFO ] 2022-02-03 11:08:50,901 main Viewer Logger - Desired sorted method input call
FILE [INFO ] 2022-02-03 11:08:53,327 main Controller Logger - Desired sorted method input call
FILE [INFO ] 2022-02-03 11:08:53,327 main Controller Logger - Call getSort Reference
FILE [INFO ] 2022-02-03 11:08:53,327 main Merge Factory - Merge Sort - getInstance
FILE [INFO ] 2022-02-03 11:08:53,336 main Controller Logger - Random integers' array created successfully
FILE [INFO ] 2022-02-03 11:08:53,462 main Merge Sort Method - It took a total of 125034 milliseconds to run the merge sort method
FILE [INFO ] 2022-02-03 11:08:53,462 main Viewer Logger - Display Results
FILE [INFO ] 2022-02-03 11:09:35,951 main Viewer Logger - Desired sorted method input call
FILE [INFO ] 2022-02-03 11:09:42,878 main Controller Logger - Desired sorted method input call
FILE [INFO ] 2022-02-03 11:09:42,878 main Controller Logger - Call getSort Reference
FILE [INFO ] 2022-02-03 11:09:42,879 main Merge Factory - Merge Sort - getInstance
FILE [INFO ] 2022-02-03 11:09:42,901 main Controller Logger - Random integers' array created successfully
FILE [INFO ] 2022-02-03 11:09:43,035 main Merge Sort Method - It took a total of 128398 milliseconds to run the merge sort method
FILE [INFO ] 2022-02-03 11:09:43,036 main Viewer Logger - Display Results
FILE [INFO ] 2022-02-03 11:09:43,061 main Viewer Logger - Desired sorted method input call
FILE [INFO ] 2022-02-03 11:09:45,662 main Controller Logger - Desired sorted method input call
FILE [INFO ] 2022-02-03 11:09:45,663 main Controller Logger - Call getSort Reference
FILE [INFO ] 2022-02-03 11:09:45,663 main Bubble Factory - Bubble Sort - getInstance
FILE [INFO ] 2022-02-03 11:09:45,671 main Controller Logger - Random integers' array created successfully
FILE [INFO ] 2022-02-03 11:10:08,976 main Bubble Sort Method - It took a total of 23305443 milliseconds to run the merge sort method
FILE [INFO ] 2022-02-03 11:10:08,977 main Viewer Logger - Display Results
FILE [INFO ] 2022-02-03 11:10:08,989 main Controller Logger - Desired sorted method input call
FILE [INFO ] 2022-02-03 11:10:08,990 main Controller Logger - Call getSort Reference
FILE [ERROR] 2022-02-03 11:10:08,990 main Controller Logger - Invalid input - SortFactory Object will be null
FILE [INFO ] 2022-02-03 11:11:10,444 main Viewer Logger - Desired sorted method input call
FILE [INFO ] 2022-02-03 11:11:13,774 main Controller Logger - Desired sorted method input call
FILE [INFO ] 2022-02-03 11:11:13,775 main Controller Logger - Call getSort Reference
FILE [INFO ] 2022-02-03 11:11:13,776 main Bubble Factory - Bubble Sort - getInstance
FILE [INFO ] 2022-02-03 11:11:13,789 main Controller Logger - Random integers' array created successfully
FILE [INFO ] 2022-02-03 11:11:34,233 main Bubble Sort Method - It took a total of 20440709 milliseconds to run the merge sort method
FILE [INFO ] 2022-02-03 11:11:34,233 main Viewer Logger - Display Results
FILE [INFO ] 2022-02-03 11:11:34,261 main Viewer Logger - Desired sorted method input call
FILE [INFO ] 2022-02-03 11:11:36,533 main Controller Logger - Desired sorted method input call
FILE [INFO ] 2022-02-03 11:11:36,533 main Controller Logger - Call getSort Reference
FILE [INFO ] 2022-02-03 11:11:36,534 main Merge Factory - Merge Sort - getInstance
FILE [INFO ] 2022-02-03 11:11:36,540 main Controller Logger - Random integers' array created successfully
FILE [INFO ] 2022-02-03 11:11:36,641 main Merge Sort Method - It took a total of 100216 milliseconds to run the merge sort method
FILE [INFO ] 2022-02-03 11:11:36,641 main Viewer Logger - Display Results
FILE [INFO ] 2022-02-03 11:11:36,657 main Controller Logger - Desired sorted method input call
FILE [INFO ] 2022-02-03 11:11:36,657 main Controller Logger - Call getSort Reference
FILE [ERROR] 2022-02-03 11:11:36,657 main Controller Logger - Invalid input - SortFactory Object will be null
FILE [INFO ] 2022-02-03 17:17:14,543 main Viewer Logger - Desired sorted method input call
FILE [INFO ] 2022-02-03 17:17:15,969 main Controller Logger - Desired sorted method input call
FILE [INFO ] 2022-02-03 17:17:15,969 main Controller Logger - Call getSort Reference
FILE [INFO ] 2022-02-03 17:17:15,970 main BST Factory - BST Sort - getInstance
FILE [INFO ] 2022-02-03 17:17:15,970 main Controller Logger - Random integers' array created successfully
FILE [INFO ] 2022-02-03 17:17:15,972 main Bubble Sort Method - It took a total of 23 milliseconds to run the merge sort method
FILE [INFO ] 2022-02-03 17:17:15,973 main Viewer Logger - Display Results
FILE [INFO ] 2022-02-03 17:18:07,362 main Viewer Logger - Desired sorted method input call
FILE [INFO ] 2022-02-03 17:18:09,838 main Controller Logger - Desired sorted method input call
FILE [INFO ] 2022-02-03 17:18:09,838 main Controller Logger - Call getSort Reference
FILE [INFO ] 2022-02-03 17:18:09,839 main BST Factory - BST Sort - getInstance
FILE [INFO ] 2022-02-03 17:18:09,839 main Controller Logger - Random integers' array created successfully
FILE [INFO ] 2022-02-03 17:18:09,840 main Viewer Logger - Display Results
FILE [INFO ] 2022-02-03 17:21:16,592 main Viewer Logger - Desired sorted method input call
FILE [INFO ] 2022-02-03 17:21:18,646 main Controller Logger - Desired sorted method input call
FILE [INFO ] 2022-02-03 17:21:18,647 main Controller Logger - Call getSort Reference
FILE [INFO ] 2022-02-03 17:21:18,647 main BST Factory - BST Sort - getInstance
FILE [INFO ] 2022-02-03 17:21:18,652 main Controller Logger - Random integers' array created successfully
FILE [INFO ] 2022-02-03 17:21:18,661 main Viewer Logger - Display Results
FILE [INFO ] 2022-02-03 17:29:27,504 main Viewer Logger - Desired sorted method input call
FILE [INFO ] 2022-02-03 17:29:30,525 main Controller Logger - Desired sorted method input call
FILE [INFO ] 2022-02-03 17:29:30,525 main Controller Logger - Call getSort Reference
FILE [INFO ] 2022-02-03 17:29:30,526 main BST Factory - BST Sort - getInstance
FILE [INFO ] 2022-02-03 17:29:30,530 main Controller Logger - Random integers' array created successfully
FILE [INFO ] 2022-02-03 17:29:30,536 main Viewer Logger - Display Results
FILE [INFO ] 2022-02-03 17:58:16,140 main Viewer Logger - Desired sorted method input call
FILE [INFO ] 2022-02-03 17:58:19,077 main Controller Logger - Desired sorted method input call
FILE [INFO ] 2022-02-03 17:58:19,077 main Controller Logger - Call getSort Reference
FILE [INFO ] 2022-02-03 17:58:19,078 main Bubble Factory - Bubble Sort - getInstance
FILE [INFO ] 2022-02-03 17:58:19,083 main Controller Logger - Random integers' array created successfully
FILE [INFO ] 2022-02-03 17:58:19,086 main Bubble Sort Method - It took a total of 22 milliseconds to run the merge sort method
FILE [INFO ] 2022-02-03 17:58:19,086 main Viewer Logger - Display Results
FILE [INFO ] 2022-02-03 17:58:19,086 main Viewer Logger - Desired sorted method input call
FILE [INFO ] 2022-02-03 17:58:33,679 main Controller Logger - Desired sorted method input call
FILE [INFO ] 2022-02-03 17:58:33,679 main Controller Logger - Call getSort Reference
FILE [INFO ] 2022-02-03 17:58:33,680 main Merge Factory - Merge Sort - getInstance
FILE [INFO ] 2022-02-03 17:58:33,686 main Controller Logger - Random integers' array created successfully
FILE [INFO ] 2022-02-03 17:58:33,687 main Merge Sort Method - It took a total of 47 milliseconds to run the merge sort method
FILE [INFO ] 2022-02-03 17:58:33,687 main Viewer Logger - Display Results
FILE [INFO ] 2022-02-03 17:58:33,687 main Controller Logger - Desired sorted method input call
FILE [INFO ] 2022-02-03 17:58:33,687 main Controller Logger - Call getSort Reference
FILE [ERROR] 2022-02-03 17:58:33,687 main Controller Logger - Invalid input - SortFactory Object will be null
FILE [INFO ] 2022-02-03 18:02:15,169 main Viewer Logger - Desired sorted method input call
FILE [INFO ] 2022-02-03 18:02:28,657 main Viewer Logger - Desired sorted method input call
FILE [INFO ] 2022-02-03 18:02:50,622 main Viewer Logger - Desired sorted method input call
FILE [INFO ] 2022-02-03 18:02:56,553 main Controller Logger - Desired sorted method input call
FILE [INFO ] 2022-02-03 18:02:56,554 main Controller Logger - Call getSort Reference
FILE [INFO ] 2022-02-03 18:02:56,555 main Merge Factory - Merge Sort - getInstance
FILE [INFO ] 2022-02-03 18:02:56,557 main Controller Logger - Random integers' array created successfully
FILE [INFO ] 2022-02-03 18:02:56,561 main Merge Sort Method - It took a total of 32 milliseconds to run the merge sort method
FILE [INFO ] 2022-02-03 18:02:56,561 main Viewer Logger - Display Results
FILE [INFO ] 2022-02-03 18:02:56,561 main Viewer Logger - Desired sorted method input call
FILE [INFO ] 2022-02-03 18:02:58,643 main Controller Logger - Desired sorted method input call
FILE [INFO ] 2022-02-03 18:02:58,643 main Controller Logger - Call getSort Reference
FILE [INFO ] 2022-02-03 18:02:58,643 main Bubble Factory - Bubble Sort - getInstance
FILE [INFO ] 2022-02-03 18:02:58,646 main Controller Logger - Random integers' array created successfully
FILE [INFO ] 2022-02-03 18:02:58,647 main Bubble Sort Method - It took a total of 38 milliseconds to run the merge sort method
FILE [INFO ] 2022-02-03 18:02:58,647 main Viewer Logger - Display Results
FILE [INFO ] 2022-02-03 18:02:58,647 main Controller Logger - Desired sorted method input call
FILE [INFO ] 2022-02-03 18:02:58,647 main Controller Logger - Call getSort Reference
FILE [ERROR] 2022-02-03 18:02:58,647 main Controller Logger - Invalid input - SortFactory Object will be null
FILE [INFO ] 2022-02-03 18:28:36,536 main Viewer Logger - Desired sorted method input call
FILE [INFO ] 2022-02-03 18:32:37,494 main Controller Logger - Desired sorted method input call
FILE [INFO ] 2022-02-03 18:32:37,498 main Controller Logger - Call getSort Reference
FILE [INFO ] 2022-02-03 18:32:37,498 main BST Factory - BST Sort - getInstance
FILE [INFO ] 2022-02-03 18:32:37,499 main Controller Logger - Random integers' array created successfully
FILE [INFO ] 2022-02-03 18:33:24,765 main Controller Logger - Desired sorted method input call
FILE [INFO ] 2022-02-03 18:33:24,768 main Controller Logger - Call getSort Reference
FILE [INFO ] 2022-02-03 18:33:24,769 main BST Factory - BST Sort - getInstance
FILE [INFO ] 2022-02-03 18:33:24,774 main Controller Logger - Random integers' array created successfully
FILE [INFO ] 2022-02-03 18:41:51,609 main Controller Logger - Desired sorted method input call
FILE [INFO ] 2022-02-03 18:41:51,613 main Controller Logger - Call getSort Reference
FILE [INFO ] 2022-02-03 18:41:51,614 main BST Factory - BST Sort - getInstance
FILE [INFO ] 2022-02-03 18:41:51,619 main Controller Logger - Random integers' array created successfully
FILE [INFO ] 2022-02-03 18:42:21,106 main Controller Logger - Desired sorted method input call
FILE [INFO ] 2022-02-03 18:42:21,110 main Controller Logger - Call getSort Reference
FILE [INFO ] 2022-02-03 18:42:21,111 main BST Factory - BST Sort - getInstance
FILE [INFO ] 2022-02-03 18:42:21,116 main Controller Logger - Random integers' array created successfully
FILE [INFO ] 2022-02-03 18:42:49,254 main Controller Logger - Desired sorted method input call
FILE [INFO ] 2022-02-03 18:42:49,260 main Controller Logger - Call getSort Reference
FILE [INFO ] 2022-02-03 18:42:49,261 main BST Factory - BST Sort - getInstance
FILE [INFO ] 2022-02-03 18:42:49,267 main Controller Logger - Random integers' array created successfully
FILE [INFO ] 2022-02-03 18:43:59,599 main Controller Logger - Desired sorted method input call
FILE [INFO ] 2022-02-03 18:43:59,602 main Controller Logger - Call getSort Reference
FILE [INFO ] 2022-02-03 18:43:59,603 main BST Factory - BST Sort - getInstance
FILE [INFO ] 2022-02-03 18:43:59,609 main Controller Logger - Random integers' array created successfully
FILE [INFO ] 2022-02-03 18:44:13,173 main Controller Logger - Desired sorted method input call
FILE [INFO ] 2022-02-03 18:44:13,177 main Controller Logger - Call getSort Reference
FILE [INFO ] 2022-02-03 18:44:13,178 main BST Factory - BST Sort - getInstance
FILE [INFO ] 2022-02-03 18:44:13,182 main Controller Logger - Random integers' array created successfully
FILE [INFO ] 2022-02-03 18:45:16,068 main Controller Logger - Desired sorted method input call
FILE [INFO ] 2022-02-03 18:45:16,072 main Controller Logger - Call getSort Reference
FILE [INFO ] 2022-02-03 18:45:16,073 main BST Factory - BST Sort - getInstance
FILE [INFO ] 2022-02-03 18:45:16,081 main Controller Logger - Random integers' array created successfully
FILE [INFO ] 2022-02-03 18:47:29,265 main Controller Logger - Desired sorted method input call
FILE [INFO ] 2022-02-03 18:47:29,269 main Controller Logger - Call getSort Reference
FILE [INFO ] 2022-02-03 18:47:29,270 main BST Factory - BST Sort - getInstance
FILE [INFO ] 2022-02-03 18:47:29,275 main Controller Logger - Random integers' array created successfully
FILE [INFO ] 2022-02-03 18:51:44,576 main Controller Logger - Desired sorted method input call
FILE [INFO ] 2022-02-03 18:51:44,580 main Controller Logger - Call getSort Reference
FILE [INFO ] 2022-02-03 18:51:44,581 main BST Factory - BST Sort - getInstance
FILE [INFO ] 2022-02-03 18:51:44,587 main Controller Logger - Random integers' array created successfully
FILE [INFO ] 2022-02-03 20:02:39,314 main Controller Logger - Desired sorted method input call
FILE [INFO ] 2022-02-03 20:02:39,318 main Controller Logger - Call getSort Reference
FILE [INFO ] 2022-02-03 20:02:39,322 main BST Factory - BST Sort - getInstance
FILE [INFO ] 2022-02-03 20:02:39,326 main Controller Logger - Random integers' array created successfully
FILE [INFO ] 2022-02-03 20:03:07,366 main Controller Logger - Desired sorted method input call
FILE [INFO ] 2022-02-03 20:03:07,370 main Controller Logger - Call getSort Reference
FILE [INFO ] 2022-02-03 20:03:07,374 main BST Factory - BST Sort - getInstance
FILE [INFO ] 2022-02-03 20:03:07,378 main Controller Logger - Random integers' array created successfully
FILE [INFO ] 2022-02-03 20:10:07,667 main Controller Logger - Desired sorted method input call
FILE [INFO ] 2022-02-03 20:10:07,671 main Controller Logger - Call getSort Reference
FILE [INFO ] 2022-02-03 20:10:07,672 main BST Factory - BST Sort - getInstance
FILE [INFO ] 2022-02-03 20:10:07,678 main Controller Logger - Random integers' array created successfully
FILE [INFO ] 2022-02-03 20:22:49,375 main Controller Logger - Desired sorted method input call
FILE [INFO ] 2022-02-03 20:22:49,379 main Controller Logger - Call getSort Reference
FILE [INFO ] 2022-02-03 20:22:49,380 main BST Factory - BST Sort - getInstance
FILE [INFO ] 2022-02-03 20:22:49,385 main Controller Logger - Random integers' array created successfully
FILE [INFO ] 2022-02-03 20:23:49,229 main Controller Logger - Desired sorted method input call
FILE [INFO ] 2022-02-03 20:23:49,233 main Controller Logger - Call getSort Reference
FILE [INFO ] 2022-02-03 20:23:49,234 main BST Factory - BST Sort - getInstance
FILE [INFO ] 2022-02-03 20:23:49,239 main Controller Logger - Random integers' array created successfully
FILE [INFO ] 2022-02-03 20:25:14,552 main Controller Logger - Desired sorted method input call
FILE [INFO ] 2022-02-03 20:25:14,555 main Controller Logger - Call getSort Reference
FILE [INFO ] 2022-02-03 20:25:14,556 main BST Factory - BST Sort - getInstance
FILE [INFO ] 2022-02-03 20:25:14,561 main Controller Logger - Random integers' array created successfully
FILE [INFO ] 2022-02-03 20:26:13,264 main Controller Logger - Desired sorted method input call
FILE [INFO ] 2022-02-03 20:26:13,268 main Controller Logger - Call getSort Reference
FILE [INFO ] 2022-02-03 20:26:13,269 main BST Factory - BST Sort - getInstance
FILE [INFO ] 2022-02-03 20:26:13,276 main Controller Logger - Random integers' array created successfully
FILE [INFO ] 2022-02-03 20:26:41,094 main Controller Logger - Desired sorted method input call
FILE [INFO ] 2022-02-03 20:26:41,098 main Controller Logger - Call getSort Reference
FILE [INFO ] 2022-02-03 20:26:41,099 main BST Factory - BST Sort - getInstance
FILE [INFO ] 2022-02-03 20:26:41,100 main Controller Logger - Random integers' array created successfully
FILE [INFO ] 2022-02-03 20:28:05,359 main Controller Logger - Desired sorted method input call
FILE [INFO ] 2022-02-03 20:28:05,363 main Controller Logger - Call getSort Reference
FILE [INFO ] 2022-02-03 20:28:05,364 main BST Factory - BST Sort - getInstance
FILE [INFO ] 2022-02-03 20:28:05,371 main Controller Logger - Random integers' array created successfully
FILE [INFO ] 2022-02-03 20:29:05,476 main Controller Logger - Desired sorted method input call
FILE [INFO ] 2022-02-03 20:29:05,480 main Controller Logger - Call getSort Reference
FILE [INFO ] 2022-02-03 20:29:05,481 main BST Factory - BST Sort - getInstance
FILE [INFO ] 2022-02-03 20:29:05,487 main Controller Logger - Random integers' array created successfully
FILE [INFO ] 2022-02-03 20:29:55,038 main Controller Logger - Desired sorted method input call
FILE [INFO ] 2022-02-03 20:29:55,042 main Controller Logger - Call getSort Reference
FILE [INFO ] 2022-02-03 20:29:55,043 main BST Factory - BST Sort - getInstance
FILE [INFO ] 2022-02-03 20:29:55,049 main Controller Logger - Random integers' array created successfully
FILE [INFO ] 2022-02-03 20:30:47,570 main Controller Logger - Desired sorted method input call
FILE [INFO ] 2022-02-03 20:30:47,574 main Controller Logger - Call getSort Reference
FILE [INFO ] 2022-02-03 20:30:47,575 main BST Factory - BST Sort - getInstance
FILE [INFO ] 2022-02-03 20:30:47,582 main Controller Logger - Random integers' array created successfully
FILE [INFO ] 2022-02-03 20:31:42,438 main Controller Logger - Desired sorted method input call
FILE [INFO ] 2022-02-03 20:31:42,442 main Controller Logger - Call getSort Reference
FILE [INFO ] 2022-02-03 20:31:42,443 main BST Factory - BST Sort - getInstance
FILE [INFO ] 2022-02-03 20:31:42,448 main Controller Logger - Random integers' array created successfully
FILE [INFO ] 2022-02-03 20:32:15,374 main Controller Logger - Desired sorted method input call
FILE [INFO ] 2022-02-03 20:32:15,378 main Controller Logger - Call getSort Reference
FILE [INFO ] 2022-02-03 20:32:15,380 main BST Factory - BST Sort - getInstance
FILE [INFO ] 2022-02-03 20:32:15,385 main Controller Logger - Random integers' array created successfully
FILE [INFO ] 2022-02-03 20:40:56,186 main Controller Logger - Desired sorted method input call
FILE [INFO ] 2022-02-03 20:40:56,190 main Controller Logger - Call getSort Reference
FILE [INFO ] 2022-02-03 20:40:56,191 main BST Factory - BST Sort - getInstance
FILE [INFO ] 2022-02-03 20:40:56,197 main Controller Logger - Random integers' array created successfully
FILE [INFO ] 2022-02-03 21:20:02,029 main Controller Logger - Desired sorted method input call
FILE [INFO ] 2022-02-03 21:20:02,033 main Controller Logger - Call getSort Reference
FILE [INFO ] 2022-02-03 21:20:02,035 main BST Factory - BST Sort - getInstance
FILE [INFO ] 2022-02-03 21:20:02,043 main Controller Logger - Random integers' array created successfully
FILE [INFO ] 2022-02-03 21:20:28,221 main Controller Logger - Desired sorted method input call
FILE [INFO ] 2022-02-03 21:20:28,224 main Controller Logger - Call getSort Reference
FILE [INFO ] 2022-02-03 21:20:28,225 main BST Factory - BST Sort - getInstance
FILE [INFO ] 2022-02-03 21:20:28,226 main Controller Logger - Random integers' array created successfully
FILE [INFO ] 2022-02-03 21:20:51,050 main Controller Logger - Desired sorted method input call
FILE [INFO ] 2022-02-03 21:20:51,055 main Controller Logger - Call getSort Reference
FILE [INFO ] 2022-02-03 21:20:51,056 main BST Factory - BST Sort - getInstance
FILE [INFO ] 2022-02-03 21:20:51,058 main Controller Logger - Random integers' array created successfully
FILE [INFO ] 2022-02-03 21:21:04,148 main Controller Logger - Desired sorted method input call
FILE [INFO ] 2022-02-03 21:21:04,152 main Controller Logger - Call getSort Reference
FILE [INFO ] 2022-02-03 21:21:04,153 main BST Factory - BST Sort - getInstance
FILE [INFO ] 2022-02-03 21:21:04,154 main Controller Logger - Random integers' array created successfully
FILE [INFO ] 2022-02-03 21:21:34,119 main Controller Logger - Desired sorted method input call
FILE [INFO ] 2022-02-03 21:21:34,123 main Controller Logger - Call getSort Reference
FILE [INFO ] 2022-02-03 21:21:34,124 main BST Factory - BST Sort - getInstance
FILE [INFO ] 2022-02-03 21:21:34,125 main Controller Logger - Random integers' array created successfully
