FILE [INFO ] 2022-02-05 17:07:07,331 main Controller Logger - Call Sort Array Function
FILE [INFO ] 2022-02-05 17:07:07,335 main Controller Logger - Call getSort Reference
FILE [INFO ] 2022-02-05 17:07:07,335 main BST Factory - BST Sort - getInstance
FILE [INFO ] 2022-02-05 17:07:07,339 main Binary Search Tree Method - Binary Tree instance created || Array sorted in the Binary Tree
FILE [INFO ] 2022-02-05 17:07:07,339 main Binary Search Tree Method - Array created from iterating through the Binary Tree
FILE [INFO ] 2022-02-05 17:07:07,343 main Binary Search Tree Method - It took a total of 1982 milliseconds to run the brinary search tree sort method
FILE [INFO ] 2022-02-05 17:07:07,375 main Controller Logger - Call Sort Array Function
FILE [INFO ] 2022-02-05 17:07:07,375 main Controller Logger - Call getSort Reference
FILE [INFO ] 2022-02-05 17:07:07,375 main BST Factory - BST Sort - getInstance
FILE [INFO ] 2022-02-05 17:07:07,375 main Binary Search Tree Method - Binary Tree instance created || Array sorted in the Binary Tree
FILE [INFO ] 2022-02-05 17:07:07,375 main Binary Search Tree Method - Array created from iterating through the Binary Tree
FILE [INFO ] 2022-02-05 17:07:07,379 main Binary Search Tree Method - It took a total of 5375 milliseconds to run the brinary search tree sort method
FILE [INFO ] 2022-02-05 17:07:07,391 main Controller Logger - Call Sort Array Function
FILE [INFO ] 2022-02-05 17:07:07,391 main Controller Logger - Call getSort Reference
FILE [INFO ] 2022-02-05 17:07:07,391 main BST Factory - BST Sort - getInstance
FILE [INFO ] 2022-02-05 17:11:13,834 main Controller Logger - Call Sort Array Function
FILE [INFO ] 2022-02-05 17:11:13,842 main Controller Logger - Call getSort Reference
FILE [INFO ] 2022-02-05 17:11:13,842 main Bubble Factory - Bubble Sort - getInstance
FILE [INFO ] 2022-02-05 17:11:13,862 main Bubble Sort Method - It took a total of 0 milliseconds to run the merge sort method
FILE [INFO ] 2022-02-05 17:11:14,150 main Controller Logger - Call Sort Array Function
FILE [INFO ] 2022-02-05 17:11:14,150 main Controller Logger - Call getSort Reference
FILE [INFO ] 2022-02-05 17:11:14,150 main Bubble Factory - Bubble Sort - getInstance
FILE [INFO ] 2022-02-05 17:11:59,488 main Controller Logger - Call Sort Array Function
FILE [INFO ] 2022-02-05 17:11:59,492 main Controller Logger - Call getSort Reference
FILE [INFO ] 2022-02-05 17:11:59,496 main Bubble Factory - Bubble Sort - getInstance
FILE [INFO ] 2022-02-05 17:11:59,500 main Bubble Sort Method - It took a total of 0 milliseconds to run the merge sort method
FILE [INFO ] 2022-02-05 17:11:59,697 main Controller Logger - Call Sort Array Function
FILE [INFO ] 2022-02-05 17:11:59,697 main Controller Logger - Call getSort Reference
FILE [INFO ] 2022-02-05 17:11:59,697 main Bubble Factory - Bubble Sort - getInstance
FILE [INFO ] 2022-02-05 17:13:03,306 main Controller Logger - Call Sort Array Function
FILE [INFO ] 2022-02-05 17:13:03,310 main Controller Logger - Call getSort Reference
FILE [INFO ] 2022-02-05 17:13:03,310 main Bubble Factory - Bubble Sort - getInstance
FILE [INFO ] 2022-02-05 17:13:03,318 main Bubble Sort Method - It took a total of 0 milliseconds to run the merge sort method
FILE [INFO ] 2022-02-05 17:13:03,350 main Controller Logger - Call Sort Array Function
FILE [INFO ] 2022-02-05 17:13:03,350 main Controller Logger - Call getSort Reference
FILE [INFO ] 2022-02-05 17:13:03,350 main Bubble Factory - Bubble Sort - getInstance
FILE [INFO ] 2022-02-05 17:13:03,606 main Bubble Sort Method - It took a total of 257257 milliseconds to run the merge sort method
FILE [INFO ] 2022-02-05 17:13:03,614 main Controller Logger - Call Sort Array Function
FILE [INFO ] 2022-02-05 17:13:03,614 main Controller Logger - Call getSort Reference
FILE [INFO ] 2022-02-05 17:13:03,614 main Bubble Factory - Bubble Sort - getInstance
FILE [INFO ] 2022-02-05 17:13:03,614 main Bubble Sort Method - It took a total of 88 milliseconds to run the merge sort method
FILE [INFO ] 2022-02-05 17:13:27,504 main Controller Logger - Call Sort Array Function
FILE [INFO ] 2022-02-05 17:13:27,508 main Controller Logger - Call getSort Reference
FILE [INFO ] 2022-02-05 17:13:27,508 main BST Factory - BST Sort - getInstance
FILE [INFO ] 2022-02-05 17:13:27,512 main Binary Search Tree Method - Binary Tree instance created || Array sorted in the Binary Tree
FILE [INFO ] 2022-02-05 17:13:27,512 main Binary Search Tree Method - Array created from iterating through the Binary Tree
FILE [INFO ] 2022-02-05 17:13:27,516 main Binary Search Tree Method - It took a total of 2068 milliseconds to run the brinary search tree sort method
FILE [INFO ] 2022-02-05 17:13:27,544 main Controller Logger - Call Sort Array Function
FILE [INFO ] 2022-02-05 17:13:27,544 main Controller Logger - Call getSort Reference
FILE [INFO ] 2022-02-05 17:13:27,544 main BST Factory - BST Sort - getInstance
FILE [INFO ] 2022-02-05 17:13:27,544 main Binary Search Tree Method - Binary Tree instance created || Array sorted in the Binary Tree
FILE [INFO ] 2022-02-05 17:13:27,544 main Binary Search Tree Method - Array created from iterating through the Binary Tree
FILE [INFO ] 2022-02-05 17:13:27,544 main Binary Search Tree Method - It took a total of 221 milliseconds to run the brinary search tree sort method
FILE [INFO ] 2022-02-05 17:13:27,548 main Controller Logger - Call Sort Array Function
FILE [INFO ] 2022-02-05 17:13:27,548 main Controller Logger - Call getSort Reference
FILE [INFO ] 2022-02-05 17:13:27,548 main BST Factory - BST Sort - getInstance
FILE [INFO ] 2022-02-05 17:14:57,399 main Controller Logger - Call Sort Array Function
FILE [INFO ] 2022-02-05 17:14:57,403 main Controller Logger - Call getSort Reference
FILE [INFO ] 2022-02-05 17:14:57,407 main BST Factory - BST Sort - getInstance
FILE [INFO ] 2022-02-05 17:14:57,407 main Binary Search Tree Method - Binary Tree instance created || Array sorted in the Binary Tree
FILE [INFO ] 2022-02-05 17:14:57,407 main Binary Search Tree Method - Array created from iterating through the Binary Tree
FILE [INFO ] 2022-02-05 17:14:57,415 main Binary Search Tree Method - It took a total of 2118 milliseconds to run the brinary search tree sort method
FILE [INFO ] 2022-02-05 17:14:57,442 main Controller Logger - Call Sort Array Function
FILE [INFO ] 2022-02-05 17:14:57,442 main Controller Logger - Call getSort Reference
FILE [INFO ] 2022-02-05 17:14:57,442 main BST Factory - BST Sort - getInstance
FILE [INFO ] 2022-02-05 17:14:57,442 main Binary Search Tree Method - Binary Tree instance created || Array sorted in the Binary Tree
FILE [INFO ] 2022-02-05 17:14:57,442 main Binary Search Tree Method - Array created from iterating through the Binary Tree
FILE [INFO ] 2022-02-05 17:14:57,442 main Binary Search Tree Method - It took a total of 205 milliseconds to run the brinary search tree sort method
FILE [INFO ] 2022-02-05 17:14:57,446 main Controller Logger - Call Sort Array Function
FILE [INFO ] 2022-02-05 17:14:57,446 main Controller Logger - Call getSort Reference
FILE [INFO ] 2022-02-05 17:14:57,446 main BST Factory - BST Sort - getInstance
FILE [INFO ] 2022-02-05 17:15:06,231 main Controller Logger - Call Sort Array Function
FILE [INFO ] 2022-02-05 17:15:06,239 main Controller Logger - Call getSort Reference
FILE [INFO ] 2022-02-05 17:15:06,239 main Merge Factory - Merge Sort - getInstance
FILE [INFO ] 2022-02-05 17:15:06,247 main Merge Sort Method - It took a total of 130 milliseconds to run the merge sort method
FILE [INFO ] 2022-02-05 17:15:06,271 main Controller Logger - Call Sort Array Function
FILE [INFO ] 2022-02-05 17:15:06,271 main Controller Logger - Call getSort Reference
FILE [INFO ] 2022-02-05 17:15:06,271 main Merge Factory - Merge Sort - getInstance
FILE [INFO ] 2022-02-05 17:15:06,279 main Controller Logger - Call Sort Array Function
FILE [INFO ] 2022-02-05 17:15:06,279 main Controller Logger - Call getSort Reference
FILE [INFO ] 2022-02-05 17:15:06,279 main Merge Factory - Merge Sort - getInstance
FILE [INFO ] 2022-02-05 17:15:06,279 main Merge Sort Method - It took a total of 11 milliseconds to run the merge sort method
FILE [INFO ] 2022-02-05 17:16:55,842 main Controller Logger - Call Sort Array Function
FILE [INFO ] 2022-02-05 17:16:55,846 main Controller Logger - Call getSort Reference
FILE [INFO ] 2022-02-05 17:16:55,850 main Merge Factory - Merge Sort - getInstance
FILE [INFO ] 2022-02-05 17:16:55,854 main Merge Sort Method - It took a total of 38 milliseconds to run the merge sort method
FILE [INFO ] 2022-02-05 17:16:55,878 main Controller Logger - Call Sort Array Function
FILE [INFO ] 2022-02-05 17:16:55,878 main Controller Logger - Call getSort Reference
FILE [INFO ] 2022-02-05 17:16:55,878 main Merge Factory - Merge Sort - getInstance
FILE [INFO ] 2022-02-05 17:16:55,882 main Controller Logger - Call Sort Array Function
FILE [INFO ] 2022-02-05 17:16:55,882 main Controller Logger - Call getSort Reference
FILE [INFO ] 2022-02-05 17:16:55,882 main Merge Factory - Merge Sort - getInstance
FILE [INFO ] 2022-02-05 17:16:55,882 main Merge Sort Method - It took a total of 16 milliseconds to run the merge sort method
FILE [INFO ] 2022-02-05 17:17:53,084 main Controller Logger - Call Sort Array Function
FILE [INFO ] 2022-02-05 17:17:53,088 main Controller Logger - Call getSort Reference
FILE [INFO ] 2022-02-05 17:17:53,092 main Merge Factory - Merge Sort - getInstance
FILE [INFO ] 2022-02-05 17:17:53,096 main Merge Sort Method - It took a total of 33 milliseconds to run the merge sort method
FILE [INFO ] 2022-02-05 17:17:53,116 main Controller Logger - Call Sort Array Function
FILE [INFO ] 2022-02-05 17:17:53,116 main Controller Logger - Call getSort Reference
FILE [INFO ] 2022-02-05 17:17:53,116 main Merge Factory - Merge Sort - getInstance
FILE [INFO ] 2022-02-05 17:17:53,120 main Controller Logger - Call Sort Array Function
FILE [INFO ] 2022-02-05 17:17:53,120 main Controller Logger - Call getSort Reference
FILE [INFO ] 2022-02-05 17:17:53,120 main Merge Factory - Merge Sort - getInstance
FILE [INFO ] 2022-02-05 17:17:53,120 main Merge Sort Method - It took a total of 6 milliseconds to run the merge sort method
FILE [INFO ] 2022-02-05 17:20:26,250 main Controller Logger - Call Sort Array Function
FILE [INFO ] 2022-02-05 17:20:26,252 main Controller Logger - Call getSort Reference
FILE [INFO ] 2022-02-05 17:20:26,253 main Bubble Factory - Bubble Sort - getInstance
FILE [INFO ] 2022-02-05 17:20:26,257 main Bubble Sort Method - It took a total of 0 milliseconds to run the merge sort method
FILE [INFO ] 2022-02-05 17:20:26,275 main Controller Logger - Call Sort Array Function
FILE [INFO ] 2022-02-05 17:20:26,275 main Controller Logger - Call getSort Reference
FILE [INFO ] 2022-02-05 17:20:26,275 main Bubble Factory - Bubble Sort - getInstance
FILE [INFO ] 2022-02-05 17:20:26,421 main Bubble Sort Method - It took a total of 145375 milliseconds to run the merge sort method
FILE [INFO ] 2022-02-05 17:20:26,424 main Controller Logger - Call Sort Array Function
FILE [INFO ] 2022-02-05 17:20:26,424 main Controller Logger - Call getSort Reference
FILE [INFO ] 2022-02-05 17:20:26,424 main Bubble Factory - Bubble Sort - getInstance
FILE [INFO ] 2022-02-05 17:20:26,424 main Bubble Sort Method - It took a total of 0 milliseconds to run the merge sort method
FILE [INFO ] 2022-02-05 17:20:59,038 main Controller Logger - Call Sort Array Function
FILE [INFO ] 2022-02-05 17:20:59,041 main Controller Logger - Call getSort Reference
FILE [INFO ] 2022-02-05 17:20:59,042 main BST Factory - BST Sort - getInstance
FILE [INFO ] 2022-02-05 17:20:59,044 main Binary Search Tree Method - Binary Tree instance created || Array sorted in the Binary Tree
FILE [INFO ] 2022-02-05 17:20:59,044 main Binary Search Tree Method - Array created from iterating through the Binary Tree
FILE [INFO ] 2022-02-05 17:20:59,047 main Binary Search Tree Method - It took a total of 1225 milliseconds to run the brinary search tree sort method
FILE [INFO ] 2022-02-05 17:20:59,062 main Controller Logger - Call Sort Array Function
FILE [INFO ] 2022-02-05 17:20:59,062 main Controller Logger - Call getSort Reference
FILE [INFO ] 2022-02-05 17:20:59,062 main BST Factory - BST Sort - getInstance
FILE [INFO ] 2022-02-05 17:20:59,062 main Binary Search Tree Method - Binary Tree instance created || Array sorted in the Binary Tree
FILE [INFO ] 2022-02-05 17:20:59,062 main Binary Search Tree Method - Array created from iterating through the Binary Tree
FILE [INFO ] 2022-02-05 17:20:59,062 main Binary Search Tree Method - It took a total of 118 milliseconds to run the brinary search tree sort method
FILE [INFO ] 2022-02-05 17:20:59,064 main Controller Logger - Call Sort Array Function
FILE [INFO ] 2022-02-05 17:20:59,065 main Controller Logger - Call getSort Reference
FILE [INFO ] 2022-02-05 17:20:59,065 main BST Factory - BST Sort - getInstance
